#
# There is insufficient memory for the Java Runtime Environment to continue.
# Native memory allocation (malloc) failed to allocate 32744 bytes for ChunkPool::allocate
# Possible reasons:
#   The system is out of physical RAM or swap space
#   The process is running with CompressedOops enabled, and the Java Heap may be blocking the growth of the native heap
# Possible solutions:
#   Reduce memory load on the system
#   Increase physical memory or swap space
#   Check if swap backing store is full
#   Decrease Java heap size (-Xmx/-Xms)
#   Decrease number of Java threads
#   Decrease Java thread stack sizes (-Xss)
#   Set larger code cache with -XX:ReservedCodeCacheSize=
#   JVM is running with Unscaled Compressed Oops mode in which the Java heap is
#     placed in the first 4GB address space. The Java Heap base address is the
#     maximum limit for the native heap growth. Please use -XX:HeapBaseMinAddress
#     to set the Java Heap base and to place the Java Heap above 4GB virtual address.
# This output file may be truncated or incomplete.
#
#  Out of Memory Error (allocation.cpp:272), pid=139212, tid=0x000000000001f018
#
# JRE version: Java(TM) SE Runtime Environment (8.0_321-b07) (build 1.8.0_321-b07)
# Java VM: Java HotSpot(TM) 64-Bit Server VM (25.321-b07 mixed mode windows-amd64 compressed oops)
# Failed to write core dump. Minidumps are not enabled by default on client versions of Windows
#

---------------  T H R E A D  ---------------

Current thread (0x000002471d362000):  JavaThread "C2 CompilerThread1" daemon [_thread_in_native, id=127000, stack(0x0000007f8bc00000,0x0000007f8bd00000)]

Stack: [0x0000007f8bc00000,0x0000007f8bd00000]
Native frames: (J=compiled Java code, j=interpreted, Vv=VM code, C=native code)
V  [jvm.dll+0x32fc49]


Current CompileTask:
C2:   1207  878       4       org.antlr.v4.runtime.atn.ParserATNSimulator::closure_ (311 bytes)


---------------  P R O C E S S  ---------------

Java Threads: ( => current thread )
  0x000002471f7ee800 JavaThread "Service Thread" daemon [_thread_blocked, id=138808, stack(0x0000007f8bf00000,0x0000007f8c000000)]
  0x000002471d36e000 JavaThread "C1 CompilerThread3" daemon [_thread_blocked, id=138812, stack(0x0000007f8be00000,0x0000007f8bf00000)]
  0x000002471d368800 JavaThread "C2 CompilerThread2" daemon [_thread_in_native, id=99540, stack(0x0000007f8bd00000,0x0000007f8be00000)]
=>0x000002471d362000 JavaThread "C2 CompilerThread1" daemon [_thread_in_native, id=127000, stack(0x0000007f8bc00000,0x0000007f8bd00000)]
  0x000002471d34c800 JavaThread "C2 CompilerThread0" daemon [_thread_blocked, id=130704, stack(0x0000007f8bb00000,0x0000007f8bc00000)]
  0x000002471f783000 JavaThread "Attach Listener" daemon [_thread_blocked, id=138476, stack(0x0000007f8ba00000,0x0000007f8bb00000)]
  0x000002471f782800 JavaThread "Signal Dispatcher" daemon [_thread_blocked, id=138652, stack(0x0000007f8b900000,0x0000007f8ba00000)]
  0x000002471d31e800 JavaThread "Finalizer" daemon [_thread_blocked, id=139080, stack(0x0000007f8b800000,0x0000007f8b900000)]
  0x000002471d2f6800 JavaThread "Reference Handler" daemon [_thread_blocked, id=135908, stack(0x0000007f8b700000,0x0000007f8b800000)]
  0x0000024706d90800 JavaThread "main" [_thread_in_native, id=138632, stack(0x0000007f8ab00000,0x0000007f8ac00000)]

Other Threads:
  0x000002471d2ec800 VMThread [stack: 0x0000007f8b600000,0x0000007f8b700000] [id=138360]
  0x000002471f820000 WatcherThread [stack: 0x0000007f8c000000,0x0000007f8c100000] [id=138940]

VM state:not at safepoint (normal execution)

VM Mutex/Monitor currently owned by a thread: None

heap address: 0x0000000082400000, size: 2012 MB, Compressed Oops mode: 32-bit
Narrow klass base: 0x0000000000000000, Narrow klass shift: 3
Compressed class space size: 1073741824 Address: 0x0000000100000000

Heap:
 PSYoungGen      total 37888K, used 9334K [0x00000000d6180000, 0x00000000d8b80000, 0x0000000100000000)
  eden space 32768K, 12% used [0x00000000d6180000,0x00000000d65a09b8,0x00000000d8180000)
  from space 5120K, 99% used [0x00000000d8180000,0x00000000d867cfc0,0x00000000d8680000)
  to   space 5120K, 0% used [0x00000000d8680000,0x00000000d8680000,0x00000000d8b80000)
 ParOldGen       total 86016K, used 3562K [0x0000000082400000, 0x0000000087800000, 0x00000000d6180000)
  object space 86016K, 4% used [0x0000000082400000,0x000000008277aaa0,0x0000000087800000)
 Metaspace       used 13519K, capacity 13776K, committed 13952K, reserved 1060864K
  class space    used 1572K, capacity 1658K, committed 1664K, reserved 1048576K

Card table byte_map: [0x0000024718020000,0x0000024718410000] byte_map_base: 0x0000024717c0e000

Marking Bits: (ParMarkBitMap*) 0x000000005b289030
 Begin Bits: [0x00000247186b0000, 0x000002471a620000)
 End Bits:   [0x000002471a620000, 0x000002471c590000)

Polling page: 0x0000024708770000

CodeCache: size=245760Kb used=3703Kb max_used=3715Kb free=242057Kb
 bounds [0x0000024708c60000, 0x0000024709010000, 0x0000024717c60000]
 total_blobs=1439 nmethods=1068 adapters=284
 compilation: enabled

Compilation events (10 events):
Event: 1.075 Thread 0x000002471d36e000 nmethod 1072 0x0000024708ff9390 code [0x0000024708ff9560, 0x0000024708ff9dd8]
Event: 1.098 Thread 0x000002471d34c800 nmethod 965 0x0000024708ffd050 code [0x0000024708ffd2e0, 0x0000024708fff1e8]
Event: 1.098 Thread 0x000002471d34c800 1063       4       sun.nio.cs.ext.DoubleByte$Encoder::encodeChar (21 bytes)
Event: 1.099 Thread 0x000002471d34c800 nmethod 1063 0x0000024708ffb810 code [0x0000024708ffb960, 0x0000024708ffba58]
Event: 1.099 Thread 0x000002471d34c800  984       4       java.util.AbstractCollection::<init> (5 bytes)
Event: 1.099 Thread 0x000002471d34c800 nmethod 984 0x0000024708ffb610 code [0x0000024708ffb740, 0x0000024708ffb798]
Event: 1.099 Thread 0x000002471d34c800 1045       4       java.util.ArrayList::iterator (9 bytes)
Event: 1.100 Thread 0x000002471d34c800 nmethod 1045 0x0000024708ffb350 code [0x0000024708ffb4a0, 0x0000024708ffb578]
Event: 1.100 Thread 0x000002471d34c800 1060       4       java.lang.StringBuilder::append (8 bytes)
Event: 1.104 Thread 0x000002471d34c800 nmethod 1060 0x0000024708ffa990 code [0x0000024708ffab00, 0x0000024708ffaf48]

GC Heap History (2 events):
Event: 0.971 GC heap before
{Heap before GC invocations=1 (full 0):
 PSYoungGen      total 37888K, used 32768K [0x00000000d6180000, 0x00000000d8b80000, 0x0000000100000000)
  eden space 32768K, 100% used [0x00000000d6180000,0x00000000d8180000,0x00000000d8180000)
  from space 5120K, 0% used [0x00000000d8680000,0x00000000d8680000,0x00000000d8b80000)
  to   space 5120K, 0% used [0x00000000d8180000,0x00000000d8180000,0x00000000d8680000)
 ParOldGen       total 86016K, used 0K [0x0000000082400000, 0x0000000087800000, 0x00000000d6180000)
  object space 86016K, 0% used [0x0000000082400000,0x0000000082400000,0x0000000087800000)
 Metaspace       used 12872K, capacity 13160K, committed 13440K, reserved 1060864K
  class space    used 1491K, capacity 1578K, committed 1664K, reserved 1048576K
Event: 0.982 GC heap after
Heap after GC invocations=1 (full 0):
 PSYoungGen      total 37888K, used 5107K [0x00000000d6180000, 0x00000000d8b80000, 0x0000000100000000)
  eden space 32768K, 0% used [0x00000000d6180000,0x00000000d6180000,0x00000000d8180000)
  from space 5120K, 99% used [0x00000000d8180000,0x00000000d867cfc0,0x00000000d8680000)
  to   space 5120K, 0% used [0x00000000d8680000,0x00000000d8680000,0x00000000d8b80000)
 ParOldGen       total 86016K, used 3562K [0x0000000082400000, 0x0000000087800000, 0x00000000d6180000)
  object space 86016K, 4% used [0x0000000082400000,0x000000008277aaa0,0x0000000087800000)
 Metaspace       used 12872K, capacity 13160K, committed 13440K, reserved 1060864K
  class space    used 1491K, capacity 1578K, committed 1664K, reserved 1048576K
}

Deoptimization events (5 events):
Event: 0.440 Thread 0x0000024706d90800 Uncommon trap: reason=unstable_if action=reinterpret pc=0x0000024708e5921c method=java.lang.String.indexOf([CII[CIII)I @ 3
Event: 0.965 Thread 0x0000024706d90800 Uncommon trap: reason=class_check action=maybe_recompile pc=0x0000024708fa6aa4 method=org.antlr.v4.runtime.atn.ParserATNSimulator.canDropLoopEntryEdgeInLeftRecursiveRule(Lorg/antlr/v4/runtime/atn/ATNConfig;)Z @ 92
Event: 0.989 Thread 0x0000024706d90800 Uncommon trap: reason=class_check action=maybe_recompile pc=0x0000024708fa6aa4 method=org.antlr.v4.runtime.atn.ParserATNSimulator.canDropLoopEntryEdgeInLeftRecursiveRule(Lorg/antlr/v4/runtime/atn/ATNConfig;)Z @ 92
Event: 0.990 Thread 0x0000024706d90800 Uncommon trap: reason=class_check action=maybe_recompile pc=0x0000024708fa6aa4 method=org.antlr.v4.runtime.atn.ParserATNSimulator.canDropLoopEntryEdgeInLeftRecursiveRule(Lorg/antlr/v4/runtime/atn/ATNConfig;)Z @ 92
Event: 0.990 Thread 0x0000024706d90800 Uncommon trap: reason=class_check action=maybe_recompile pc=0x0000024708fa6aa4 method=org.antlr.v4.runtime.atn.ParserATNSimulator.canDropLoopEntryEdgeInLeftRecursiveRule(Lorg/antlr/v4/runtime/atn/ATNConfig;)Z @ 92

Classes redefined (0 events):
No events

Internal exceptions (10 events):
Event: 0.233 Thread 0x0000024706d90800 Exception <a 'java/lang/ClassNotFoundException': org/apache/log4j/RollingFileAppenderBeanInfo> (0x00000000d6575478) thrown at [C:\jenkins\workspace\8-2-build-windows-amd64-cygwin\jdk8u321\2141\hotspot\src\share\vm\classfile\systemDictionary.cpp, line 212]
Event: 0.233 Thread 0x0000024706d90800 Exception <a 'java/lang/ClassNotFoundException': org/apache/log4j/FileAppenderBeanInfo> (0x00000000d6577628) thrown at [C:\jenkins\workspace\8-2-build-windows-amd64-cygwin\jdk8u321\2141\hotspot\src\share\vm\classfile\systemDictionary.cpp, line 212]
Event: 0.233 Thread 0x0000024706d90800 Exception <a 'java/lang/ClassNotFoundException': org/apache/log4j/WriterAppenderBeanInfo> (0x00000000d65799e0) thrown at [C:\jenkins\workspace\8-2-build-windows-amd64-cygwin\jdk8u321\2141\hotspot\src\share\vm\classfile\systemDictionary.cpp, line 212]
Event: 0.233 Thread 0x0000024706d90800 Exception <a 'java/lang/ClassNotFoundException': org/apache/log4j/AppenderSkeletonBeanInfo> (0x00000000d657be28) thrown at [C:\jenkins\workspace\8-2-build-windows-amd64-cygwin\jdk8u321\2141\hotspot\src\share\vm\classfile\systemDictionary.cpp, line 212]
Event: 0.233 Thread 0x0000024706d90800 Exception <a 'java/lang/ClassNotFoundException': org/apache/log4j/AppenderSkeletonCustomizer> (0x00000000d657e218) thrown at [C:\jenkins\workspace\8-2-build-windows-amd64-cygwin\jdk8u321\2141\hotspot\src\share\vm\classfile\systemDictionary.cpp, line 212]
Event: 0.234 Thread 0x0000024706d90800 Exception <a 'java/lang/ClassNotFoundException': org/apache/log4j/WriterAppenderCustomizer> (0x00000000d6592958) thrown at [C:\jenkins\workspace\8-2-build-windows-amd64-cygwin\jdk8u321\2141\hotspot\src\share\vm\classfile\systemDictionary.cpp, line 212]
Event: 0.236 Thread 0x0000024706d90800 Exception <a 'java/lang/ClassNotFoundException': org/apache/log4j/FileAppenderCustomizer> (0x00000000d65a13a0) thrown at [C:\jenkins\workspace\8-2-build-windows-amd64-cygwin\jdk8u321\2141\hotspot\src\share\vm\classfile\systemDictionary.cpp, line 212]
Event: 0.238 Thread 0x0000024706d90800 Exception <a 'java/lang/ClassNotFoundException': org/apache/log4j/RollingFileAppenderCustomizer> (0x00000000d65b0310) thrown at [C:\jenkins\workspace\8-2-build-windows-amd64-cygwin\jdk8u321\2141\hotspot\src\share\vm\classfile\systemDictionary.cpp, line 21
Event: 0.353 Thread 0x0000024706d90800 Exception <a 'java/lang/NoSuchFieldError': method resolution failed> (0x00000000d6884898) thrown at [C:\jenkins\workspace\8-2-build-windows-amd64-cygwin\jdk8u321\2141\hotspot\src\share\vm\prims\methodHandles.cpp, line 1169]
Event: 0.355 Thread 0x0000024706d90800 Exception <a 'java/lang/NoSuchFieldError': method resolution failed> (0x00000000d6891f88) thrown at [C:\jenkins\workspace\8-2-build-windows-amd64-cygwin\jdk8u321\2141\hotspot\src\share\vm\prims\methodHandles.cpp, line 1169]

Events (10 events):
Event: 1.072 loading class sun/security/provider/SeedGenerator$1
Event: 1.072 loading class sun/security/provider/SeedGenerator$1 done
Event: 1.072 loading class sun/security/provider/ByteArrayAccess
Event: 1.072 loading class sun/security/provider/ByteArrayAccess done
Event: 1.074 loading class java/net/NetworkInterface$1
Event: 1.074 loading class java/net/NetworkInterface$1 done
Event: 1.074 loading class java/net/InterfaceAddress
Event: 1.075 loading class java/net/InterfaceAddress done
Event: 1.075 loading class java/net/DefaultInterface
Event: 1.075 loading class java/net/DefaultInterface done


Dynamic libraries:
0x00007ff73cc80000 - 0x00007ff73ccc7000 	C:\WINDOWS\SYSTEM32\java.exe
0x00007ffc753f0000 - 0x00007ffc755e5000 	C:\WINDOWS\SYSTEM32\ntdll.dll
0x00007ffc74150000 - 0x00007ffc7420e000 	C:\WINDOWS\System32\KERNEL32.DLL
0x00007ffc72b10000 - 0x00007ffc72dd8000 	C:\WINDOWS\System32\KERNELBASE.dll
0x00007ffc73890000 - 0x00007ffc7393e000 	C:\WINDOWS\System32\ADVAPI32.dll
0x00007ffc74020000 - 0x00007ffc740be000 	C:\WINDOWS\System32\msvcrt.dll
0x00007ffc74ca0000 - 0x00007ffc74d3c000 	C:\WINDOWS\System32\sechost.dll
0x00007ffc74f20000 - 0x00007ffc75045000 	C:\WINDOWS\System32\RPCRT4.dll
0x00007ffc73450000 - 0x00007ffc735f0000 	C:\WINDOWS\System32\USER32.dll
0x00007ffc72de0000 - 0x00007ffc72e02000 	C:\WINDOWS\System32\win32u.dll
0x00007ffc74c00000 - 0x00007ffc74c2b000 	C:\WINDOWS\System32\GDI32.dll
0x00007ffc72f70000 - 0x00007ffc7307b000 	C:\WINDOWS\System32\gdi32full.dll
0x00007ffc73170000 - 0x00007ffc7320d000 	C:\WINDOWS\System32\msvcp_win.dll
0x00007ffc73210000 - 0x00007ffc73310000 	C:\WINDOWS\System32\ucrtbase.dll
0x00007ffc5faa0000 - 0x00007ffc5fd3a000 	C:\WINDOWS\WinSxS\amd64_microsoft.windows.common-controls_6595b64144ccf1df_6.0.19041.1110_none_60b5254171f9507e\COMCTL32.dll
0x00007ffc743e0000 - 0x00007ffc74410000 	C:\WINDOWS\System32\IMM32.DLL
0x000000005cf60000 - 0x000000005cf6c000 	C:\Program Files (x86)\360\360Safe\safemon\SafeWrapper.dll
0x00007ffc5c8b0000 - 0x00007ffc5c942000 	C:\Program Files (x86)\360\360Safe\safemon\libzdtp64.dll
0x00007ffc74410000 - 0x00007ffc74b54000 	C:\WINDOWS\System32\SHELL32.dll
0x00007ffc73940000 - 0x00007ffc73995000 	C:\WINDOWS\System32\SHLWAPI.dll
0x00007ffc72690000 - 0x00007ffc7269a000 	C:\WINDOWS\SYSTEM32\VERSION.dll
0x00007ffc440e0000 - 0x00007ffc440f5000 	C:\Program Files\Java\jre1.8.0_321\bin\vcruntime140.dll
0x00007ffc37560000 - 0x00007ffc375fb000 	C:\Program Files\Java\jre1.8.0_321\bin\msvcp140.dll
0x000000005aaa0000 - 0x000000005b301000 	C:\Program Files\Java\jre1.8.0_321\bin\server\jvm.dll
0x00007ffc73880000 - 0x00007ffc73888000 	C:\WINDOWS\System32\PSAPI.DLL
0x00007ffc5d230000 - 0x00007ffc5d257000 	C:\WINDOWS\SYSTEM32\WINMM.dll
0x00007ffc60d10000 - 0x00007ffc60d19000 	C:\WINDOWS\SYSTEM32\WSOCK32.dll
0x00007ffc74c30000 - 0x00007ffc74c9b000 	C:\WINDOWS\System32\WS2_32.dll
0x00007ffc71340000 - 0x00007ffc71352000 	C:\WINDOWS\SYSTEM32\kernel.appcore.dll
0x00007ffc6b140000 - 0x00007ffc6b150000 	C:\Program Files\Java\jre1.8.0_321\bin\verify.dll
0x00007ffc43580000 - 0x00007ffc435ab000 	C:\Program Files\Java\jre1.8.0_321\bin\java.dll
0x00007ffc42920000 - 0x00007ffc42938000 	C:\Program Files\Java\jre1.8.0_321\bin\zip.dll
0x00007ffc706d0000 - 0x00007ffc70e64000 	C:\WINDOWS\SYSTEM32\windows.storage.dll
0x00007ffc75050000 - 0x00007ffc753a4000 	C:\WINDOWS\System32\combase.dll
0x00007ffc72500000 - 0x00007ffc7252c000 	C:\WINDOWS\SYSTEM32\Wldp.dll
0x00007ffc74d40000 - 0x00007ffc74ded000 	C:\WINDOWS\System32\SHCORE.dll
0x00007ffc72a50000 - 0x00007ffc72a6f000 	C:\WINDOWS\SYSTEM32\profapi.dll
0x00007ffc42f70000 - 0x00007ffc42f8c000 	C:\Program Files\Java\jre1.8.0_321\bin\net.dll
0x00007ffc72260000 - 0x00007ffc722ca000 	C:\WINDOWS\system32\mswsock.dll
0x00007ffc42890000 - 0x00007ffc428a3000 	C:\Program Files\Java\jre1.8.0_321\bin\nio.dll
0x00007ffc72450000 - 0x00007ffc72468000 	C:\WINDOWS\SYSTEM32\CRYPTSP.dll
0x00007ffc71b70000 - 0x00007ffc71ba4000 	C:\WINDOWS\system32\rsaenh.dll
0x00007ffc730d0000 - 0x00007ffc730f7000 	C:\WINDOWS\System32\bcrypt.dll
0x00007ffc729d0000 - 0x00007ffc729fe000 	C:\WINDOWS\SYSTEM32\USERENV.dll
0x00007ffc733c0000 - 0x00007ffc73442000 	C:\WINDOWS\System32\bcryptprimitives.dll
0x00007ffc72470000 - 0x00007ffc7247c000 	C:\WINDOWS\SYSTEM32\CRYPTBASE.dll
0x00007ffc71f00000 - 0x00007ffc71f3b000 	C:\WINDOWS\SYSTEM32\IPHLPAPI.DLL
0x00007ffc73660000 - 0x00007ffc73668000 	C:\WINDOWS\System32\NSI.dll
0x00007ffc67980000 - 0x00007ffc67997000 	C:\WINDOWS\SYSTEM32\dhcpcsvc6.DLL
0x00007ffc676f0000 - 0x00007ffc6770d000 	C:\WINDOWS\SYSTEM32\dhcpcsvc.DLL
0x00007ffc71f40000 - 0x00007ffc7200a000 	C:\WINDOWS\SYSTEM32\DNSAPI.dll

VM Arguments:
java_command: E:\oss_license_selection_analyze\depends-tool\depends-0.9.6-package\depends-0.9.6\depends.jar -d=E:\oss_license_selection_analyze\temp_files\output_depend java E:\oss_license_selection_analyze\temp_files\zziprar java
java_class_path (initial): E:\oss_license_selection_analyze\depends-tool\depends-0.9.6-package\depends-0.9.6\depends.jar
Launcher Type: SUN_STANDARD

Environment Variables:
JAVA_HOME=C:\Program Files (x86)\Java
CLASSPATH=.;C:\Program Files (x86)\Java\jre1.8.0_65\lib
PATH=E:\pythonProject\venv\Scripts;C:\Program Files (x86)\Common Files\Oracle\Java\javapath;C:\ProgramData\Oracle\Java\javapath;C:\Windows\system32;C:\Windows;C:\Windows\System32\Wbem;C:\Windows\System32\WindowsPowerShell\v1.0\;C:\Windows\System32\OpenSSH\;C:\Program Files (x86)\NVIDIA Corporation\PhysX\Common;C:\Program Files\NVIDIA Corporation\NVIDIA NvDLISR;C:\Program Files\Microsoft VS Code\bin;C:\Program Files\MySQL\MySQL Server 8.0\bin\;C:\Program Files\MySQL\MySQL Server 8.0\bin\mysqld.exe;C:\TDM-GCC-64;C:\TDM-GCC-64\bin;C:\cygwin64\bin;C:\cygwin64;D:\ninka\ninka-master\bin;C:\Program Files (x86)\Yozosoft\Yozo_Office\Lib\xuggler\bin;C:\WINDOWS\system32;C:\WINDOWS;C:\WINDOWS\System32\Wbem;C:\WINDOWS\System32\WindowsPowerShell\v1.0\;C:\WINDOWS\System32\OpenSSH\;C:\Strawberry\c\bin;C:\Strawberry\perl\site\bin;C:\Strawberry\perl\bin;E:\oss_license_selection_analyze\ninka-tool\ninka-master\bin\;E:\oss_license_selection_analyze\ninka-tool\ninka-master\lib\;C:\Program Files\WinRAR;C:\Strawberry\perl\;C:\Program Files (x86)\Java\jre1.8.0_65\bin;C:\Program Files\MySQL\MySQL Shell 8.0\bin\;C:\Users\bless\AppData\Local\Programs\Python\Python36\Scripts\;C:\Users\bless\AppData\Local\Programs\Python\Python36\;C:\Users\bless\AppData\Local\Microsoft\WindowsApps;;C:\Program Files\JetBrains\PyCharm Community Edition 2021.1.1\bin;;C:\Users\bless\AppData\Local\Programs\Microsoft VS Code\bin;E:\pythonProject\venv\lib\site-packages\numpy\.libs
USERNAME=bless
OS=Windows_NT
PROCESSOR_IDENTIFIER=Intel64 Family 6 Model 158 Stepping 10, GenuineIntel



---------------  S Y S T E M  ---------------

OS: Windows 10 , 64 bit Build 19041 (10.0.19041.1566)

CPU:total 12 (initial active 12) (6 cores per cpu, 2 threads per core) family 6 model 158 stepping 10, cmov, cx8, fxsr, mmx, sse, sse2, sse3, ssse3, sse4.1, sse4.2, popcnt, avx, avx2, aes, clmul, erms, 3dnowpref, lzcnt, ht, tsc, tscinvbit, bmi1, bmi2, adx

Memory: 4k page, physical 8236352k(597604k free), swap 14527808k(3060k free)

vm_info: Java HotSpot(TM) 64-Bit Server VM (25.321-b07) for windows-amd64 JRE (1.8.0_321-b07), built on Dec 15 2021 11:19:20 by "java_re" with MS VC++ 15.9 (VS2017)

time: Mon Mar 21 13:46:40 2022
timezone: 中国标准时间
elapsed time: 1.212577 seconds (0d 0h 0m 1s)

