#
# There is insufficient memory for the Java Runtime Environment to continue.
# Native memory allocation (malloc) failed to allocate 65552 bytes for Chunk::new
# Possible reasons:
#   The system is out of physical RAM or swap space
#   The process is running with CompressedOops enabled, and the Java Heap may be blocking the growth of the native heap
# Possible solutions:
#   Reduce memory load on the system
#   Increase physical memory or swap space
#   Check if swap backing store is full
#   Decrease Java heap size (-Xmx/-Xms)
#   Decrease number of Java threads
#   Decrease Java thread stack sizes (-Xss)
#   Set larger code cache with -XX:ReservedCodeCacheSize=
#   JVM is running with Unscaled Compressed Oops mode in which the Java heap is
#     placed in the first 4GB address space. The Java Heap base address is the
#     maximum limit for the native heap growth. Please use -XX:HeapBaseMinAddress
#     to set the Java Heap base and to place the Java Heap above 4GB virtual address.
# This output file may be truncated or incomplete.
#
#  Out of Memory Error (allocation.cpp:389), pid=61268, tid=0x00000000000223b8
#
# JRE version: Java(TM) SE Runtime Environment (8.0_321-b07) (build 1.8.0_321-b07)
# Java VM: Java HotSpot(TM) 64-Bit Server VM (25.321-b07 mixed mode windows-amd64 compressed oops)
# Failed to write core dump. Minidumps are not enabled by default on client versions of Windows
#

---------------  T H R E A D  ---------------

Current thread (0x000001e6e5ff3800):  JavaThread "C2 CompilerThread0" daemon [_thread_in_native, id=140216, stack(0x00000004d6800000,0x00000004d6900000)]

Stack: [0x00000004d6800000,0x00000004d6900000]
Native frames: (J=compiled Java code, j=interpreted, Vv=VM code, C=native code)
V  [jvm.dll+0x32fc49]
V  [jvm.dll+0x2761a2]
V  [jvm.dll+0x276e4d]
V  [jvm.dll+0x26d7f5]
V  [jvm.dll+0xd5a0c]
V  [jvm.dll+0xd620c]
V  [jvm.dll+0xd5d5d]
V  [jvm.dll+0x4c7b6f]
V  [jvm.dll+0x492a6c]
V  [jvm.dll+0x490314]
V  [jvm.dll+0x490178]
V  [jvm.dll+0x48f606]
V  [jvm.dll+0x443608]
V  [jvm.dll+0x440ffb]
V  [jvm.dll+0x42becb]
V  [jvm.dll+0xac68b]
V  [jvm.dll+0xaaceb]
V  [jvm.dll+0x23e6f2]
V  [jvm.dll+0x292edc]
C  [ucrtbase.dll+0x21bb2]
C  [KERNEL32.DLL+0x17034]
C  [ntdll.dll+0x52651]


Current CompileTask:
C2:  34514 4683       4       java.lang.Iterable::forEach (39 bytes)


---------------  P R O C E S S  ---------------

Java Threads: ( => current thread )
  0x000001e6e6a34000 JavaThread "macros.data" [_thread_blocked, id=140276, stack(0x00000004d6f00000,0x00000004d7000000)]
  0x000001e6e68e5000 JavaThread "net.sf.ehcache.CacheManager@6b67034" daemon [_thread_blocked, id=140180, stack(0x00000004d6e00000,0x00000004d6f00000)]
  0x000001e6e6070800 JavaThread "Service Thread" daemon [_thread_blocked, id=139392, stack(0x00000004d6c00000,0x00000004d6d00000)]
  0x000001e6e5ff4000 JavaThread "C1 CompilerThread3" daemon [_thread_blocked, id=140252, stack(0x00000004d6b00000,0x00000004d6c00000)]
  0x000001e6e3c7b000 JavaThread "C2 CompilerThread2" daemon [_thread_blocked, id=134028, stack(0x00000004d6a00000,0x00000004d6b00000)]
  0x000001e6e3c70800 JavaThread "C2 CompilerThread1" daemon [_thread_in_native, id=140144, stack(0x00000004d6900000,0x00000004d6a00000)]
=>0x000001e6e5ff3800 JavaThread "C2 CompilerThread0" daemon [_thread_in_native, id=140216, stack(0x00000004d6800000,0x00000004d6900000)]
  0x000001e6e5ff2800 JavaThread "Attach Listener" daemon [_thread_blocked, id=140016, stack(0x00000004d6700000,0x00000004d6800000)]
  0x000001e6e3c46800 JavaThread "Signal Dispatcher" daemon [_thread_blocked, id=140240, stack(0x00000004d6600000,0x00000004d6700000)]
  0x000001e6e3c29800 JavaThread "Finalizer" daemon [_thread_blocked, id=140012, stack(0x00000004d6500000,0x00000004d6600000)]
  0x000001e6e3c00800 JavaThread "Reference Handler" daemon [_thread_blocked, id=137380, stack(0x00000004d6400000,0x00000004d6500000)]
  0x000001e6cd5a0800 JavaThread "main" [_thread_in_Java, id=139640, stack(0x00000004d5800000,0x00000004d5900000)]

Other Threads:
  0x000001e6e3bf0000 VMThread [stack: 0x00000004d6300000,0x00000004d6400000] [id=140032]
  0x000001e6e6099800 WatcherThread [stack: 0x00000004d6d00000,0x00000004d6e00000] [id=136040]

VM state:not at safepoint (normal execution)

VM Mutex/Monitor currently owned by a thread: None

heap address: 0x0000000082400000, size: 2012 MB, Compressed Oops mode: 32-bit
Narrow klass base: 0x0000000000000000, Narrow klass shift: 3
Compressed class space size: 1073741824 Address: 0x0000000100000000

Heap:
 PSYoungGen      total 579584K, used 221068K [0x00000000d6180000, 0x00000000fba80000, 0x0000000100000000)
  eden space 567808K, 37% used [0x00000000d6180000,0x00000000e3433220,0x00000000f8c00000)
  from space 11776K, 45% used [0x00000000faf00000,0x00000000fb430000,0x00000000fba80000)
  to   space 5120K, 0% used [0x00000000fa800000,0x00000000fa800000,0x00000000fad00000)
 ParOldGen       total 62976K, used 43558K [0x0000000082400000, 0x0000000086180000, 0x00000000d6180000)
  object space 62976K, 69% used [0x0000000082400000,0x0000000084e89948,0x0000000086180000)
 Metaspace       used 23299K, capacity 23596K, committed 23936K, reserved 1071104K
  class space    used 2501K, capacity 2582K, committed 2688K, reserved 1048576K

Card table byte_map: [0x000001e6de920000,0x000001e6ded10000] byte_map_base: 0x000001e6de50e000

Marking Bits: (ParMarkBitMap*) 0x000000005b289030
 Begin Bits: [0x000001e6defb0000, 0x000001e6e0f20000)
 End Bits:   [0x000001e6e0f20000, 0x000001e6e2e90000)

Polling page: 0x000001e6cd830000

CodeCache: size=245760Kb used=16141Kb max_used=17302Kb free=229618Kb
 bounds [0x000001e6cf560000, 0x000001e6d0660000, 0x000001e6de560000]
 total_blobs=3925 nmethods=3498 adapters=338
 compilation: enabled

Compilation events (10 events):
Event: 32.364 Thread 0x000001e6e3c7b000 4678       4       java.util.Collections$UnmodifiableCollection::contains (11 bytes)
Event: 32.364 Thread 0x000001e6e3c7b000 nmethod 4678 0x000001e6cfd2c110 code [0x000001e6cfd2c260, 0x000001e6cfd2c378]
Event: 33.016 Thread 0x000001e6e3c70800 4679       4       depends.entity.FunctionEntity::lookupVarInVisibleScope (51 bytes)
Event: 33.024 Thread 0x000001e6e3c70800 nmethod 4679 0x000001e6cf955dd0 code [0x000001e6cf955f80, 0x000001e6cf9568a8]
Event: 33.433 Thread 0x000001e6e5ff3800 4680       4       depends.relations.RelationCounter::addRelationFromExpression (568 bytes)
Event: 33.503 Thread 0x000001e6e5ff3800 nmethod 4680 0x000001e6cfe6d310 code [0x000001e6cfe6d980, 0x000001e6cfe71470]
Event: 34.105 Thread 0x000001e6e3c7b000 4681       4       depends.entity.TypeEntity::lookupFunctionLocally (15 bytes)
Event: 34.108 Thread 0x000001e6e3c7b000 nmethod 4681 0x000001e6cfe6ca50 code [0x000001e6cfe6cbc0, 0x000001e6cfe6cea8]
Event: 34.333 Thread 0x000001e6e3c70800 4682       4       depends.relations.RelationCounter::computeRelationOf (90 bytes)
Event: 34.414 Thread 0x000001e6e5ff3800 4683       4       java.lang.Iterable::forEach (39 bytes)

GC Heap History (10 events):
Event: 20.928 GC heap before
{Heap before GC invocations=27 (full 1):
 PSYoungGen      total 497152K, used 481696K [0x00000000d6180000, 0x00000000f8f00000, 0x0000000100000000)
  eden space 481280K, 100% used [0x00000000d6180000,0x00000000f3780000,0x00000000f3780000)
  from space 15872K, 2% used [0x00000000f3780000,0x00000000f37e8000,0x00000000f4700000)
  to   space 13312K, 0% used [0x00000000f8200000,0x00000000f8200000,0x00000000f8f00000)
 ParOldGen       total 62976K, used 43542K [0x0000000082400000, 0x0000000086180000, 0x00000000d6180000)
  object space 62976K, 69% used [0x0000000082400000,0x0000000084e85948,0x0000000086180000)
 Metaspace       used 23014K, capacity 23362K, committed 23680K, reserved 1071104K
  class space    used 2486K, capacity 2573K, committed 2688K, reserved 1048576K
Event: 20.929 GC heap after
Heap after GC invocations=27 (full 1):
 PSYoungGen      total 552448K, used 544K [0x00000000d6180000, 0x00000000f8b80000, 0x0000000100000000)
  eden space 542720K, 0% used [0x00000000d6180000,0x00000000d6180000,0x00000000f7380000)
  from space 9728K, 5% used [0x00000000f8200000,0x00000000f8288000,0x00000000f8b80000)
  to   space 12288K, 0% used [0x00000000f7380000,0x00000000f7380000,0x00000000f7f80000)
 ParOldGen       total 62976K, used 43542K [0x0000000082400000, 0x0000000086180000, 0x00000000d6180000)
  object space 62976K, 69% used [0x0000000082400000,0x0000000084e85948,0x0000000086180000)
 Metaspace       used 23014K, capacity 23362K, committed 23680K, reserved 1071104K
  class space    used 2486K, capacity 2573K, committed 2688K, reserved 1048576K
}
Event: 25.712 GC heap before
{Heap before GC invocations=28 (full 1):
 PSYoungGen      total 552448K, used 543264K [0x00000000d6180000, 0x00000000f8b80000, 0x0000000100000000)
  eden space 542720K, 100% used [0x00000000d6180000,0x00000000f7380000,0x00000000f7380000)
  from space 9728K, 5% used [0x00000000f8200000,0x00000000f8288000,0x00000000f8b80000)
  to   space 12288K, 0% used [0x00000000f7380000,0x00000000f7380000,0x00000000f7f80000)
 ParOldGen       total 62976K, used 43542K [0x0000000082400000, 0x0000000086180000, 0x00000000d6180000)
  object space 62976K, 69% used [0x0000000082400000,0x0000000084e85948,0x0000000086180000)
 Metaspace       used 23298K, capacity 23596K, committed 23936K, reserved 1071104K
  class space    used 2501K, capacity 2582K, committed 2688K, reserved 1048576K
Event: 25.719 GC heap after
Heap after GC invocations=28 (full 1):
 PSYoungGen      total 555008K, used 3456K [0x00000000d6180000, 0x00000000fc580000, 0x0000000100000000)
  eden space 542720K, 0% used [0x00000000d6180000,0x00000000d6180000,0x00000000f7380000)
  from space 12288K, 28% used [0x00000000f7380000,0x00000000f76e0000,0x00000000f7f80000)
  to   space 11776K, 0% used [0x00000000fba00000,0x00000000fba00000,0x00000000fc580000)
 ParOldGen       total 62976K, used 43550K [0x0000000082400000, 0x0000000086180000, 0x00000000d6180000)
  object space 62976K, 69% used [0x0000000082400000,0x0000000084e87948,0x0000000086180000)
 Metaspace       used 23298K, capacity 23596K, committed 23936K, reserved 1071104K
  class space    used 2501K, capacity 2582K, committed 2688K, reserved 1048576K
}
Event: 31.036 GC heap before
{Heap before GC invocations=29 (full 1):
 PSYoungGen      total 555008K, used 546176K [0x00000000d6180000, 0x00000000fc580000, 0x0000000100000000)
  eden space 542720K, 100% used [0x00000000d6180000,0x00000000f7380000,0x00000000f7380000)
  from space 12288K, 28% used [0x00000000f7380000,0x00000000f76e0000,0x00000000f7f80000)
  to   space 11776K, 0% used [0x00000000fba00000,0x00000000fba00000,0x00000000fc580000)
 ParOldGen       total 62976K, used 43550K [0x0000000082400000, 0x0000000086180000, 0x00000000d6180000)
  object space 62976K, 69% used [0x0000000082400000,0x0000000084e87948,0x0000000086180000)
 Metaspace       used 23299K, capacity 23596K, committed 23936K, reserved 1071104K
  class space    used 2501K, capacity 2582K, committed 2688K, reserved 1048576K
Event: 31.041 GC heap after
Heap after GC invocations=29 (full 1):
 PSYoungGen      total 600064K, used 4640K [0x00000000d6180000, 0x00000000fbf00000, 0x0000000100000000)
  eden space 594944K, 0% used [0x00000000d6180000,0x00000000d6180000,0x00000000fa680000)
  from space 5120K, 90% used [0x00000000fba00000,0x00000000fbe88000,0x00000000fbf00000)
  to   space 11776K, 0% used [0x00000000fa800000,0x00000000fa800000,0x00000000fb380000)
 ParOldGen       total 62976K, used 43558K [0x0000000082400000, 0x0000000086180000, 0x00000000d6180000)
  object space 62976K, 69% used [0x0000000082400000,0x0000000084e89948,0x0000000086180000)
 Metaspace       used 23299K, capacity 23596K, committed 23936K, reserved 1071104K
  class space    used 2501K, capacity 2582K, committed 2688K, reserved 1048576K
}
Event: 33.538 GC heap before
{Heap before GC invocations=30 (full 1):
 PSYoungGen      total 600064K, used 599584K [0x00000000d6180000, 0x00000000fbf00000, 0x0000000100000000)
  eden space 594944K, 100% used [0x00000000d6180000,0x00000000fa680000,0x00000000fa680000)
  from space 5120K, 90% used [0x00000000fba00000,0x00000000fbe88000,0x00000000fbf00000)
  to   space 11776K, 0% used [0x00000000fa800000,0x00000000fa800000,0x00000000fb380000)
 ParOldGen       total 62976K, used 43558K [0x0000000082400000, 0x0000000086180000, 0x00000000d6180000)
  object space 62976K, 69% used [0x0000000082400000,0x0000000084e89948,0x0000000086180000)
 Metaspace       used 23299K, capacity 23596K, committed 23936K, reserved 1071104K
  class space    used 2501K, capacity 2582K, committed 2688K, reserved 1048576K
Event: 33.543 GC heap after
Heap after GC invocations=30 (full 1):
 PSYoungGen      total 572928K, used 5120K [0x00000000d6180000, 0x00000000fba80000, 0x0000000100000000)
  eden space 567808K, 0% used [0x00000000d6180000,0x00000000d6180000,0x00000000f8c00000)
  from space 5120K, 100% used [0x00000000fa800000,0x00000000fad00000,0x00000000fad00000)
  to   space 11776K, 0% used [0x00000000faf00000,0x00000000faf00000,0x00000000fba80000)
 ParOldGen       total 62976K, used 43558K [0x0000000082400000, 0x0000000086180000, 0x00000000d6180000)
  object space 62976K, 69% used [0x0000000082400000,0x0000000084e89948,0x0000000086180000)
 Metaspace       used 23299K, capacity 23596K, committed 23936K, reserved 1071104K
  class space    used 2501K, capacity 2582K, committed 2688K, reserved 1048576K
}
Event: 34.250 GC heap before
{Heap before GC invocations=31 (full 1):
 PSYoungGen      total 572928K, used 572928K [0x00000000d6180000, 0x00000000fba80000, 0x0000000100000000)
  eden space 567808K, 100% used [0x00000000d6180000,0x00000000f8c00000,0x00000000f8c00000)
  from space 5120K, 100% used [0x00000000fa800000,0x00000000fad00000,0x00000000fad00000)
  to   space 11776K, 0% used [0x00000000faf00000,0x00000000faf00000,0x00000000fba80000)
 ParOldGen       total 62976K, used 43558K [0x0000000082400000, 0x0000000086180000, 0x00000000d6180000)
  object space 62976K, 69% used [0x0000000082400000,0x0000000084e89948,0x0000000086180000)
 Metaspace       used 23299K, capacity 23596K, committed 23936K, reserved 1071104K
  class space    used 2501K, capacity 2582K, committed 2688K, reserved 1048576K
Event: 34.255 GC heap after
Heap after GC invocations=31 (full 1):
 PSYoungGen      total 579584K, used 5312K [0x00000000d6180000, 0x00000000fba80000, 0x0000000100000000)
  eden space 567808K, 0% used [0x00000000d6180000,0x00000000d6180000,0x00000000f8c00000)
  from space 11776K, 45% used [0x00000000faf00000,0x00000000fb430000,0x00000000fba80000)
  to   space 5120K, 0% used [0x00000000fa800000,0x00000000fa800000,0x00000000fad00000)
 ParOldGen       total 62976K, used 43558K [0x0000000082400000, 0x0000000086180000, 0x00000000d6180000)
  object space 62976K, 69% used [0x0000000082400000,0x0000000084e89948,0x0000000086180000)
 Metaspace       used 23299K, capacity 23596K, committed 23936K, reserved 1071104K
  class space    used 2501K, capacity 2582K, committed 2688K, reserved 1048576K
}

Deoptimization events (10 events):
Event: 22.834 Thread 0x000001e6cd5a0800 Uncommon trap: reason=predicate action=maybe_recompile pc=0x000001e6cf991244 method=depends.relations.RelationCounter.computeContainerRelations(Ldepends/entity/ContainerEntity;)V @ 173
Event: 23.137 Thread 0x000001e6cd5a0800 Uncommon trap: reason=bimorphic action=maybe_recompile pc=0x000001e6d05e4730 method=depends.entity.ContainerEntity.lookupFunctionBottomUpTillTopContainer(Ldepends/entity/GenericName;Ldepends/entity/Entity;)Ldepends/entity/Entity; @ 27
Event: 23.146 Thread 0x000001e6cd5a0800 Uncommon trap: reason=bimorphic action=maybe_recompile pc=0x000001e6d05e4730 method=depends.entity.ContainerEntity.lookupFunctionBottomUpTillTopContainer(Ldepends/entity/GenericName;Ldepends/entity/Entity;)Ldepends/entity/Entity; @ 27
Event: 23.146 Thread 0x000001e6cd5a0800 Uncommon trap: reason=unstable_if action=reinterpret pc=0x000001e6d0157bc8 method=depends.relations.RelationCounter.addRelationFromExpression(Ldepends/entity/ContainerEntity;Ldepends/entity/Expression;Ldepends/entity/Entity;)V @ 279
Event: 23.998 Thread 0x000001e6cd5a0800 Uncommon trap: reason=class_check action=maybe_recompile pc=0x000001e6cfecc4b4 method=depends.relations.RelationCounter.addRelationFromExpression(Ldepends/entity/ContainerEntity;Ldepends/entity/Expression;Ldepends/entity/Entity;)V @ 269
Event: 24.067 Thread 0x000001e6cd5a0800 Uncommon trap: reason=bimorphic action=maybe_recompile pc=0x000001e6d0615c38 method=depends.entity.ContainerEntity.resolveExpressions(Ldepends/relations/Inferer;)V @ 355
Event: 29.963 Thread 0x000001e6cd5a0800 Uncommon trap: reason=unstable_if action=reinterpret pc=0x000001e6cfecbffc method=depends.relations.RelationCounter.addRelationFromExpression(Ldepends/entity/ContainerEntity;Ldepends/entity/Expression;Ldepends/entity/Entity;)V @ 20
Event: 33.397 Thread 0x000001e6cd5a0800 Uncommon trap: reason=class_check action=maybe_recompile pc=0x000001e6d0008728 method=depends.relations.RelationCounter.addRelationFromExpression(Ldepends/entity/ContainerEntity;Ldepends/entity/Expression;Ldepends/entity/Entity;)V @ 155
Event: 33.402 Thread 0x000001e6cd5a0800 Uncommon trap: reason=class_check action=maybe_recompile pc=0x000001e6d0008728 method=depends.relations.RelationCounter.addRelationFromExpression(Ldepends/entity/ContainerEntity;Ldepends/entity/Expression;Ldepends/entity/Entity;)V @ 155
Event: 33.417 Thread 0x000001e6cd5a0800 Uncommon trap: reason=class_check action=maybe_recompile pc=0x000001e6d0008728 method=depends.relations.RelationCounter.addRelationFromExpression(Ldepends/entity/ContainerEntity;Ldepends/entity/Expression;Ldepends/entity/Entity;)V @ 155

Classes redefined (0 events):
No events

Internal exceptions (10 events):
Event: 15.833 Thread 0x000001e6cd5a0800 Exception <a 'java/lang/ArrayIndexOutOfBoundsException': 3> (0x00000000d92023c8) thrown at [C:\jenkins\workspace\8-2-build-windows-amd64-cygwin\jdk8u321\2141\hotspot\src\share\vm\interpreter\interpreterRuntime.cpp, line 371]
Event: 15.833 Thread 0x000001e6cd5a0800 Exception <a 'java/lang/ArrayIndexOutOfBoundsException': 3> (0x00000000d92035e8) thrown at [C:\jenkins\workspace\8-2-build-windows-amd64-cygwin\jdk8u321\2141\hotspot\src\share\vm\interpreter\interpreterRuntime.cpp, line 371]
Event: 15.833 Thread 0x000001e6cd5a0800 Exception <a 'java/lang/ArrayIndexOutOfBoundsException': 3> (0x00000000d9203fb0) thrown at [C:\jenkins\workspace\8-2-build-windows-amd64-cygwin\jdk8u321\2141\hotspot\src\share\vm\interpreter\interpreterRuntime.cpp, line 371]
Event: 15.834 Thread 0x000001e6cd5a0800 Exception <a 'java/lang/ArrayIndexOutOfBoundsException'> (0x00000000d9210e40) thrown at [C:\jenkins\workspace\8-2-build-windows-amd64-cygwin\jdk8u321\2141\hotspot\src\share\vm\runtime\sharedRuntime.cpp, line 609]
Event: 15.838 Thread 0x000001e6cd5a0800 Exception <a 'java/lang/ArrayIndexOutOfBoundsException'> (0x00000000d9423550) thrown at [C:\jenkins\workspace\8-2-build-windows-amd64-cygwin\jdk8u321\2141\hotspot\src\share\vm\runtime\sharedRuntime.cpp, line 609]
Event: 15.838 Thread 0x000001e6cd5a0800 Exception <a 'java/lang/ArrayIndexOutOfBoundsException'> (0x00000000d9433fa0) thrown at [C:\jenkins\workspace\8-2-build-windows-amd64-cygwin\jdk8u321\2141\hotspot\src\share\vm\runtime\sharedRuntime.cpp, line 609]
Event: 15.838 Thread 0x000001e6cd5a0800 Exception <a 'java/lang/ArrayIndexOutOfBoundsException'> (0x00000000d9441c80) thrown at [C:\jenkins\workspace\8-2-build-windows-amd64-cygwin\jdk8u321\2141\hotspot\src\share\vm\runtime\sharedRuntime.cpp, line 609]
Event: 15.838 Thread 0x000001e6cd5a0800 Exception <a 'java/lang/ArrayIndexOutOfBoundsException'> (0x00000000d9442e10) thrown at [C:\jenkins\workspace\8-2-build-windows-amd64-cygwin\jdk8u321\2141\hotspot\src\share\vm\runtime\sharedRuntime.cpp, line 609]
Event: 15.838 Thread 0x000001e6cd5a0800 Exception <a 'java/lang/ArrayIndexOutOfBoundsException': 5> (0x00000000d9445098) thrown at [C:\jenkins\workspace\8-2-build-windows-amd64-cygwin\jdk8u321\2141\hotspot\src\share\vm\interpreter\interpreterRuntime.cpp, line 371]
Event: 20.937 Thread 0x000001e6cd5a0800 Implicit null exception at 0x000001e6d048ba7b to 0x000001e6d048bf59

Events (10 events):
Event: 33.402 Thread 0x000001e6cd5a0800 Uncommon trap: trap_request=0xffffffde fr.pc=0x000001e6d0008728
Event: 33.402 Thread 0x000001e6cd5a0800 DEOPT PACKING pc=0x000001e6d0008728 sp=0x00000004d58fe880
Event: 33.402 Thread 0x000001e6cd5a0800 DEOPT UNPACKING pc=0x000001e6cf5a58c3 sp=0x00000004d58fe868 mode 2
Event: 33.417 Thread 0x000001e6cd5a0800 Uncommon trap: trap_request=0xffffffde fr.pc=0x000001e6d0008728
Event: 33.417 Thread 0x000001e6cd5a0800 DEOPT PACKING pc=0x000001e6d0008728 sp=0x00000004d58fe880
Event: 33.417 Thread 0x000001e6cd5a0800 DEOPT UNPACKING pc=0x000001e6cf5a58c3 sp=0x00000004d58fe868 mode 2
Event: 33.537 Executing VM operation: ParallelGCFailedAllocation
Event: 33.543 Executing VM operation: ParallelGCFailedAllocation done
Event: 34.250 Executing VM operation: ParallelGCFailedAllocation
Event: 34.255 Executing VM operation: ParallelGCFailedAllocation done


Dynamic libraries:
0x00007ff73cc80000 - 0x00007ff73ccc7000 	C:\WINDOWS\SYSTEM32\java.exe
0x00007ffc753f0000 - 0x00007ffc755e5000 	C:\WINDOWS\SYSTEM32\ntdll.dll
0x00007ffc74150000 - 0x00007ffc7420e000 	C:\WINDOWS\System32\KERNEL32.DLL
0x00007ffc72b10000 - 0x00007ffc72dd8000 	C:\WINDOWS\System32\KERNELBASE.dll
0x00007ffc73890000 - 0x00007ffc7393e000 	C:\WINDOWS\System32\ADVAPI32.dll
0x00007ffc74020000 - 0x00007ffc740be000 	C:\WINDOWS\System32\msvcrt.dll
0x00007ffc74ca0000 - 0x00007ffc74d3c000 	C:\WINDOWS\System32\sechost.dll
0x00007ffc74f20000 - 0x00007ffc75045000 	C:\WINDOWS\System32\RPCRT4.dll
0x00007ffc73450000 - 0x00007ffc735f0000 	C:\WINDOWS\System32\USER32.dll
0x00007ffc72de0000 - 0x00007ffc72e02000 	C:\WINDOWS\System32\win32u.dll
0x00007ffc74c00000 - 0x00007ffc74c2b000 	C:\WINDOWS\System32\GDI32.dll
0x00007ffc72f70000 - 0x00007ffc7307b000 	C:\WINDOWS\System32\gdi32full.dll
0x00007ffc73170000 - 0x00007ffc7320d000 	C:\WINDOWS\System32\msvcp_win.dll
0x00007ffc73210000 - 0x00007ffc73310000 	C:\WINDOWS\System32\ucrtbase.dll
0x00007ffc5faa0000 - 0x00007ffc5fd3a000 	C:\WINDOWS\WinSxS\amd64_microsoft.windows.common-controls_6595b64144ccf1df_6.0.19041.1110_none_60b5254171f9507e\COMCTL32.dll
0x00007ffc743e0000 - 0x00007ffc74410000 	C:\WINDOWS\System32\IMM32.DLL
0x000000005cf60000 - 0x000000005cf6c000 	C:\Program Files (x86)\360\360Safe\safemon\SafeWrapper.dll
0x00007ffc5c8b0000 - 0x00007ffc5c942000 	C:\Program Files (x86)\360\360Safe\safemon\libzdtp64.dll
0x00007ffc74410000 - 0x00007ffc74b54000 	C:\WINDOWS\System32\SHELL32.dll
0x00007ffc73940000 - 0x00007ffc73995000 	C:\WINDOWS\System32\SHLWAPI.dll
0x00007ffc72690000 - 0x00007ffc7269a000 	C:\WINDOWS\SYSTEM32\VERSION.dll
0x00007ffc43590000 - 0x00007ffc435a5000 	C:\Program Files\Java\jre1.8.0_321\bin\vcruntime140.dll
0x00007ffc37330000 - 0x00007ffc373cb000 	C:\Program Files\Java\jre1.8.0_321\bin\msvcp140.dll
0x000000005aaa0000 - 0x000000005b301000 	C:\Program Files\Java\jre1.8.0_321\bin\server\jvm.dll
0x00007ffc73880000 - 0x00007ffc73888000 	C:\WINDOWS\System32\PSAPI.DLL
0x00007ffc60d10000 - 0x00007ffc60d19000 	C:\WINDOWS\SYSTEM32\WSOCK32.dll
0x00007ffc5d230000 - 0x00007ffc5d257000 	C:\WINDOWS\SYSTEM32\WINMM.dll
0x00007ffc74c30000 - 0x00007ffc74c9b000 	C:\WINDOWS\System32\WS2_32.dll
0x00007ffc71340000 - 0x00007ffc71352000 	C:\WINDOWS\SYSTEM32\kernel.appcore.dll
0x00007ffc6b140000 - 0x00007ffc6b150000 	C:\Program Files\Java\jre1.8.0_321\bin\verify.dll
0x00007ffc42880000 - 0x00007ffc428ab000 	C:\Program Files\Java\jre1.8.0_321\bin\java.dll
0x00007ffc42920000 - 0x00007ffc42938000 	C:\Program Files\Java\jre1.8.0_321\bin\zip.dll
0x00007ffc706d0000 - 0x00007ffc70e64000 	C:\WINDOWS\SYSTEM32\windows.storage.dll
0x00007ffc75050000 - 0x00007ffc753a4000 	C:\WINDOWS\System32\combase.dll
0x00007ffc72500000 - 0x00007ffc7252c000 	C:\WINDOWS\SYSTEM32\Wldp.dll
0x00007ffc74d40000 - 0x00007ffc74ded000 	C:\WINDOWS\System32\SHCORE.dll
0x00007ffc72a50000 - 0x00007ffc72a6f000 	C:\WINDOWS\SYSTEM32\profapi.dll
0x00007ffc42f70000 - 0x00007ffc42f8c000 	C:\Program Files\Java\jre1.8.0_321\bin\net.dll
0x00007ffc72260000 - 0x00007ffc722ca000 	C:\WINDOWS\system32\mswsock.dll
0x00007ffc53290000 - 0x00007ffc532a7000 	C:\WINDOWS\system32\napinsp.dll
0x00007ffc58430000 - 0x00007ffc5844b000 	C:\WINDOWS\system32\pnrpnsp.dll
0x00007ffc58410000 - 0x00007ffc58425000 	C:\WINDOWS\system32\wshbth.dll
0x00007ffc6dee0000 - 0x00007ffc6defd000 	C:\WINDOWS\system32\NLAapi.dll
0x00007ffc71f00000 - 0x00007ffc71f3b000 	C:\WINDOWS\SYSTEM32\IPHLPAPI.DLL
0x00007ffc71f40000 - 0x00007ffc7200a000 	C:\WINDOWS\SYSTEM32\DNSAPI.dll
0x00007ffc73660000 - 0x00007ffc73668000 	C:\WINDOWS\System32\NSI.dll
0x00007ffc57140000 - 0x00007ffc57152000 	C:\WINDOWS\System32\winrnr.dll
0x00007ffc5f5b0000 - 0x00007ffc5f5ba000 	C:\Windows\System32\rasadhlp.dll
0x00007ffc5ff10000 - 0x00007ffc5ff8f000 	C:\WINDOWS\System32\fwpuclnt.dll
0x00007ffc730d0000 - 0x00007ffc730f7000 	C:\WINDOWS\System32\bcrypt.dll
0x00007ffc72450000 - 0x00007ffc72468000 	C:\WINDOWS\SYSTEM32\CRYPTSP.dll
0x00007ffc71b70000 - 0x00007ffc71ba4000 	C:\WINDOWS\system32\rsaenh.dll
0x00007ffc729d0000 - 0x00007ffc729fe000 	C:\WINDOWS\SYSTEM32\USERENV.dll
0x00007ffc733c0000 - 0x00007ffc73442000 	C:\WINDOWS\System32\bcryptprimitives.dll
0x00007ffc72470000 - 0x00007ffc7247c000 	C:\WINDOWS\SYSTEM32\CRYPTBASE.dll
0x00007ffc67980000 - 0x00007ffc67997000 	C:\WINDOWS\SYSTEM32\dhcpcsvc6.DLL
0x00007ffc676f0000 - 0x00007ffc6770d000 	C:\WINDOWS\SYSTEM32\dhcpcsvc.DLL
0x00007ffc3daf0000 - 0x00007ffc3db03000 	C:\Program Files\Java\jre1.8.0_321\bin\nio.dll
0x00007ffc64fe0000 - 0x00007ffc64fed000 	C:\Program Files\Java\jre1.8.0_321\bin\management.dll
0x00007ffc70f30000 - 0x00007ffc71114000 	C:\WINDOWS\SYSTEM32\dbghelp.dll

VM Arguments:
java_command: E:\oss_license_selection_analyze\depends-tool\depends-0.9.6-package\depends-0.9.6\depends.jar -d=E:\oss_license_selection_analyze\temp_files\output_depend cpp E:\oss_license_selection_analyze\temp_files\zziprar cpp
java_class_path (initial): E:\oss_license_selection_analyze\depends-tool\depends-0.9.6-package\depends-0.9.6\depends.jar
Launcher Type: SUN_STANDARD

Environment Variables:
JAVA_HOME=C:\Program Files (x86)\Java
CLASSPATH=.;C:\Program Files (x86)\Java\jre1.8.0_65\lib
PATH=E:\pythonProject\venv\Scripts;C:\Program Files (x86)\Common Files\Oracle\Java\javapath;C:\ProgramData\Oracle\Java\javapath;C:\Windows\system32;C:\Windows;C:\Windows\System32\Wbem;C:\Windows\System32\WindowsPowerShell\v1.0\;C:\Windows\System32\OpenSSH\;C:\Program Files (x86)\NVIDIA Corporation\PhysX\Common;C:\Program Files\NVIDIA Corporation\NVIDIA NvDLISR;C:\Program Files\Microsoft VS Code\bin;C:\Program Files\MySQL\MySQL Server 8.0\bin\;C:\Program Files\MySQL\MySQL Server 8.0\bin\mysqld.exe;C:\TDM-GCC-64;C:\TDM-GCC-64\bin;C:\cygwin64\bin;C:\cygwin64;D:\ninka\ninka-master\bin;C:\Program Files (x86)\Yozosoft\Yozo_Office\Lib\xuggler\bin;C:\WINDOWS\system32;C:\WINDOWS;C:\WINDOWS\System32\Wbem;C:\WINDOWS\System32\WindowsPowerShell\v1.0\;C:\WINDOWS\System32\OpenSSH\;C:\Strawberry\c\bin;C:\Strawberry\perl\site\bin;C:\Strawberry\perl\bin;E:\oss_license_selection_analyze\ninka-tool\ninka-master\bin\;E:\oss_license_selection_analyze\ninka-tool\ninka-master\lib\;C:\Program Files\WinRAR;C:\Strawberry\perl\;C:\Program Files (x86)\Java\jre1.8.0_65\bin;C:\Program Files\MySQL\MySQL Shell 8.0\bin\;C:\Users\bless\AppData\Local\Programs\Python\Python36\Scripts\;C:\Users\bless\AppData\Local\Programs\Python\Python36\;C:\Users\bless\AppData\Local\Microsoft\WindowsApps;;C:\Program Files\JetBrains\PyCharm Community Edition 2021.1.1\bin;;C:\Users\bless\AppData\Local\Programs\Microsoft VS Code\bin;E:\pythonProject\venv\lib\site-packages\numpy\.libs
USERNAME=bless
OS=Windows_NT
PROCESSOR_IDENTIFIER=Intel64 Family 6 Model 158 Stepping 10, GenuineIntel



---------------  S Y S T E M  ---------------

OS: Windows 10 , 64 bit Build 19041 (10.0.19041.1566)

CPU:total 12 (initial active 12) (6 cores per cpu, 2 threads per core) family 6 model 158 stepping 10, cmov, cx8, fxsr, mmx, sse, sse2, sse3, ssse3, sse4.1, sse4.2, popcnt, avx, avx2, aes, clmul, erms, 3dnowpref, lzcnt, ht, tsc, tscinvbit, bmi1, bmi2, adx

Memory: 4k page, physical 8236352k(356020k free), swap 14527808k(3172k free)

vm_info: Java HotSpot(TM) 64-Bit Server VM (25.321-b07) for windows-amd64 JRE (1.8.0_321-b07), built on Dec 15 2021 11:19:20 by "java_re" with MS VC++ 15.9 (VS2017)

time: Mon Mar 21 13:50:11 2022
timezone: 中国标准时间
elapsed time: 34.521972 seconds (0d 0h 0m 34s)

