#
# There is insufficient memory for the Java Runtime Environment to continue.
# Native memory allocation (malloc) failed to allocate 301376 bytes for Chunk::new
# Possible reasons:
#   The system is out of physical RAM or swap space
#   The process is running with CompressedOops enabled, and the Java Heap may be blocking the growth of the native heap
# Possible solutions:
#   Reduce memory load on the system
#   Increase physical memory or swap space
#   Check if swap backing store is full
#   Decrease Java heap size (-Xmx/-Xms)
#   Decrease number of Java threads
#   Decrease Java thread stack sizes (-Xss)
#   Set larger code cache with -XX:ReservedCodeCacheSize=
#   JVM is running with Unscaled Compressed Oops mode in which the Java heap is
#     placed in the first 4GB address space. The Java Heap base address is the
#     maximum limit for the native heap growth. Please use -XX:HeapBaseMinAddress
#     to set the Java Heap base and to place the Java Heap above 4GB virtual address.
# This output file may be truncated or incomplete.
#
#  Out of Memory Error (allocation.cpp:389), pid=139208, tid=0x0000000000020e38
#
# JRE version: Java(TM) SE Runtime Environment (8.0_321-b07) (build 1.8.0_321-b07)
# Java VM: Java HotSpot(TM) 64-Bit Server VM (25.321-b07 mixed mode windows-amd64 compressed oops)
# Failed to write core dump. Minidumps are not enabled by default on client versions of Windows
#

---------------  T H R E A D  ---------------

Current thread (0x000001a3c61ab800):  JavaThread "C2 CompilerThread2" daemon [_thread_in_native, id=134712, stack(0x0000001990b00000,0x0000001990c00000)]

Stack: [0x0000001990b00000,0x0000001990c00000]
Native frames: (J=compiled Java code, j=interpreted, Vv=VM code, C=native code)
V  [jvm.dll+0x32fc49]


Current CompileTask:
C2:   1236 1213       4       org.antlr.v4.runtime.misc.Array2DHashSet::getOrAddImpl (146 bytes)


---------------  P R O C E S S  ---------------

Java Threads: ( => current thread )
  0x000001a3c85d1800 JavaThread "Service Thread" daemon [_thread_blocked, id=132884, stack(0x0000001990d00000,0x0000001990e00000)]
  0x000001a3c61b5800 JavaThread "C1 CompilerThread3" daemon [_thread_in_native, id=138956, stack(0x0000001990c00000,0x0000001990d00000)]
=>0x000001a3c61ab800 JavaThread "C2 CompilerThread2" daemon [_thread_in_native, id=134712, stack(0x0000001990b00000,0x0000001990c00000)]
  0x000001a3c61a7800 JavaThread "C2 CompilerThread1" daemon [_thread_in_native, id=136836, stack(0x0000001990a00000,0x0000001990b00000)]
  0x000001a3c8563800 JavaThread "C2 CompilerThread0" daemon [_thread_in_native, id=123856, stack(0x0000001990900000,0x0000001990a00000)]
  0x000001a3c61a1800 JavaThread "Attach Listener" daemon [_thread_blocked, id=124752, stack(0x0000001990800000,0x0000001990900000)]
  0x000001a3c61a0800 JavaThread "Signal Dispatcher" daemon [_thread_blocked, id=138828, stack(0x0000001990700000,0x0000001990800000)]
  0x000001a3c6165800 JavaThread "Finalizer" daemon [_thread_blocked, id=71196, stack(0x0000001990600000,0x0000001990700000)]
  0x000001a3c613a800 JavaThread "Reference Handler" daemon [_thread_blocked, id=139088, stack(0x0000001990500000,0x0000001990600000)]
  0x000001a3afce0800 JavaThread "main" [_thread_in_Java, id=138556, stack(0x000000198f900000,0x000000198fa00000)]

Other Threads:
  0x000001a3c6131800 VMThread [stack: 0x0000001990400000,0x0000001990500000] [id=137380]
  0x000001a3c8601800 WatcherThread [stack: 0x0000001990e00000,0x0000001990f00000] [id=137152]

VM state:not at safepoint (normal execution)

VM Mutex/Monitor currently owned by a thread: None

heap address: 0x0000000082400000, size: 2012 MB, Compressed Oops mode: 32-bit
Narrow klass base: 0x0000000000000000, Narrow klass shift: 3
Compressed class space size: 1073741824 Address: 0x0000000100000000

Heap:
 PSYoungGen      total 37888K, used 26156K [0x00000000d6180000, 0x00000000dab80000, 0x0000000100000000)
  eden space 32768K, 64% used [0x00000000d6180000,0x00000000d7613118,0x00000000d8180000)
  from space 5120K, 99% used [0x00000000d8680000,0x00000000d8b78228,0x00000000d8b80000)
  to   space 5120K, 0% used [0x00000000d8180000,0x00000000d8180000,0x00000000d8680000)
 ParOldGen       total 86016K, used 3836K [0x0000000082400000, 0x0000000087800000, 0x00000000d6180000)
  object space 86016K, 4% used [0x0000000082400000,0x00000000827bf088,0x0000000087800000)
 Metaspace       used 13019K, capacity 13256K, committed 13440K, reserved 1060864K
  class space    used 1473K, capacity 1546K, committed 1664K, reserved 1048576K

Card table byte_map: [0x000001a3c0e60000,0x000001a3c1250000] byte_map_base: 0x000001a3c0a4e000

Marking Bits: (ParMarkBitMap*) 0x000000005b289030
 Begin Bits: [0x000001a3c14f0000, 0x000001a3c3460000)
 End Bits:   [0x000001a3c3460000, 0x000001a3c53d0000)

Polling page: 0x000001a3afc80000

CodeCache: size=245760Kb used=4177Kb max_used=4177Kb free=241582Kb
 bounds [0x000001a3b1aa0000, 0x000001a3b1ec0000, 0x000001a3c0aa0000]
 total_blobs=1550 nmethods=1187 adapters=276
 compilation: enabled

Compilation events (10 events):
Event: 1.209 Thread 0x000001a3c61b5800 1217       2       org.antlr.v4.runtime.Recognizer::getErrorListenerDispatch (12 bytes)
Event: 1.209 Thread 0x000001a3c61b5800 nmethod 1217 0x000001a3b1eaa9d0 code [0x000001a3b1eaab40, 0x000001a3b1eaadb0]
Event: 1.209 Thread 0x000001a3c61b5800 1218       2       org.antlr.v4.runtime.ProxyErrorListener::<init> (24 bytes)
Event: 1.210 Thread 0x000001a3c61b5800 nmethod 1218 0x000001a3b1eaa550 code [0x000001a3b1eaa6c0, 0x000001a3b1eaa8d0]
Event: 1.213 Thread 0x000001a3c61b5800 1219   !   2       depends.extractor.python.PythonParser::trailer (272 bytes)
Event: 1.214 Thread 0x000001a3c61b5800 nmethod 1219 0x000001a3b1ea92d0 code [0x000001a3b1ea9520, 0x000001a3b1ea9cb0]
Event: 1.214 Thread 0x000001a3c61b5800 1220       2       depends.extractor.python.union.PythonLexerBase::ProcessNewLine (102 bytes)
Event: 1.215 Thread 0x000001a3c61b5800 nmethod 1220 0x000001a3b1eb1450 code [0x000001a3b1eb1700, 0x000001a3b1eb2e90]
Event: 1.220 Thread 0x000001a3c61ab800 nmethod 1204 0x000001a3b1eb5410 code [0x000001a3b1eb55e0, 0x000001a3b1eb6578]
Event: 1.220 Thread 0x000001a3c61ab800 1213       4       org.antlr.v4.runtime.misc.Array2DHashSet::getOrAddImpl (146 bytes)

GC Heap History (4 events):
Event: 1.019 GC heap before
{Heap before GC invocations=1 (full 0):
 PSYoungGen      total 37888K, used 32768K [0x00000000d6180000, 0x00000000d8b80000, 0x0000000100000000)
  eden space 32768K, 100% used [0x00000000d6180000,0x00000000d8180000,0x00000000d8180000)
  from space 5120K, 0% used [0x00000000d8680000,0x00000000d8680000,0x00000000d8b80000)
  to   space 5120K, 0% used [0x00000000d8180000,0x00000000d8180000,0x00000000d8680000)
 ParOldGen       total 86016K, used 0K [0x0000000082400000, 0x0000000087800000, 0x00000000d6180000)
  object space 86016K, 0% used [0x0000000082400000,0x0000000082400000,0x0000000087800000)
 Metaspace       used 12763K, capacity 13000K, committed 13184K, reserved 1060864K
  class space    used 1472K, capacity 1546K, committed 1664K, reserved 1048576K
Event: 1.028 GC heap after
Heap after GC invocations=1 (full 0):
 PSYoungGen      total 37888K, used 5118K [0x00000000d6180000, 0x00000000d8b80000, 0x0000000100000000)
  eden space 32768K, 0% used [0x00000000d6180000,0x00000000d6180000,0x00000000d8180000)
  from space 5120K, 99% used [0x00000000d8180000,0x00000000d867f9f0,0x00000000d8680000)
  to   space 5120K, 0% used [0x00000000d8680000,0x00000000d8680000,0x00000000d8b80000)
 ParOldGen       total 86016K, used 3620K [0x0000000082400000, 0x0000000087800000, 0x00000000d6180000)
  object space 86016K, 4% used [0x0000000082400000,0x0000000082789088,0x0000000087800000)
 Metaspace       used 12763K, capacity 13000K, committed 13184K, reserved 1060864K
  class space    used 1472K, capacity 1546K, committed 1664K, reserved 1048576K
}
Event: 1.171 GC heap before
{Heap before GC invocations=2 (full 0):
 PSYoungGen      total 37888K, used 37886K [0x00000000d6180000, 0x00000000d8b80000, 0x0000000100000000)
  eden space 32768K, 100% used [0x00000000d6180000,0x00000000d8180000,0x00000000d8180000)
  from space 5120K, 99% used [0x00000000d8180000,0x00000000d867f9f0,0x00000000d8680000)
  to   space 5120K, 0% used [0x00000000d8680000,0x00000000d8680000,0x00000000d8b80000)
 ParOldGen       total 86016K, used 3620K [0x0000000082400000, 0x0000000087800000, 0x00000000d6180000)
  object space 86016K, 4% used [0x0000000082400000,0x0000000082789088,0x0000000087800000)
 Metaspace       used 12957K, capacity 13192K, committed 13440K, reserved 1060864K
  class space    used 1473K, capacity 1546K, committed 1664K, reserved 1048576K
Event: 1.175 GC heap after
Heap after GC invocations=2 (full 0):
 PSYoungGen      total 37888K, used 5088K [0x00000000d6180000, 0x00000000dab80000, 0x0000000100000000)
  eden space 32768K, 0% used [0x00000000d6180000,0x00000000d6180000,0x00000000d8180000)
  from space 5120K, 99% used [0x00000000d8680000,0x00000000d8b78228,0x00000000d8b80000)
  to   space 5120K, 0% used [0x00000000d8180000,0x00000000d8180000,0x00000000d8680000)
 ParOldGen       total 86016K, used 3836K [0x0000000082400000, 0x0000000087800000, 0x00000000d6180000)
  object space 86016K, 4% used [0x0000000082400000,0x00000000827bf088,0x0000000087800000)
 Metaspace       used 12957K, capacity 13192K, committed 13440K, reserved 1060864K
  class space    used 1473K, capacity 1546K, committed 1664K, reserved 1048576K
}

Deoptimization events (10 events):
Event: 1.133 Thread 0x000001a3afce0800 Uncommon trap: reason=unstable_if action=reinterpret pc=0x000001a3b1de95b8 method=java.util.HashMap.putVal(ILjava/lang/Object;Ljava/lang/Object;ZZ)Ljava/lang/Object; @ 109
Event: 1.147 Thread 0x000001a3afce0800 Uncommon trap: reason=unstable_if action=reinterpret pc=0x000001a3b1cafa10 method=java.util.HashMap.getNode(ILjava/lang/Object;)Ljava/util/HashMap$Node; @ 84
Event: 1.160 Thread 0x000001a3afce0800 Uncommon trap: reason=array_check action=maybe_recompile pc=0x000001a3b1ea51ac method=org.antlr.v4.runtime.misc.Array2DHashSet.getOrAddImpl(Ljava/lang/Object;)Ljava/lang/Object; @ 36
Event: 1.160 Thread 0x000001a3afce0800 Uncommon trap: reason=array_check action=maybe_recompile pc=0x000001a3b1ea51ac method=org.antlr.v4.runtime.misc.Array2DHashSet.getOrAddImpl(Ljava/lang/Object;)Ljava/lang/Object; @ 36
Event: 1.160 Thread 0x000001a3afce0800 Uncommon trap: reason=array_check action=maybe_recompile pc=0x000001a3b1ea51ac method=org.antlr.v4.runtime.misc.Array2DHashSet.getOrAddImpl(Ljava/lang/Object;)Ljava/lang/Object; @ 36
Event: 1.160 Thread 0x000001a3afce0800 Uncommon trap: reason=array_check action=maybe_recompile pc=0x000001a3b1ea51ac method=org.antlr.v4.runtime.misc.Array2DHashSet.getOrAddImpl(Ljava/lang/Object;)Ljava/lang/Object; @ 36
Event: 1.180 Thread 0x000001a3afce0800 Uncommon trap: reason=unstable_if action=reinterpret pc=0x000001a3b1ea0560 method=org.antlr.v4.runtime.atn.ParserATNSimulator.canDropLoopEntryEdgeInLeftRecursiveRule(Lorg/antlr/v4/runtime/atn/ATNConfig;)Z @ 106
Event: 1.199 Thread 0x000001a3afce0800 Uncommon trap: reason=array_check action=maybe_recompile pc=0x000001a3b1eae840 method=org.antlr.v4.runtime.misc.Array2DHashSet.getOrAddImpl(Ljava/lang/Object;)Ljava/lang/Object; @ 128
Event: 1.199 Thread 0x000001a3afce0800 Uncommon trap: reason=array_check action=maybe_recompile pc=0x000001a3b1eae6c8 method=org.antlr.v4.runtime.misc.Array2DHashSet.getOrAddImpl(Ljava/lang/Object;)Ljava/lang/Object; @ 74
Event: 1.199 Thread 0x000001a3afce0800 Uncommon trap: reason=array_check action=maybe_recompile pc=0x000001a3b1eae6c8 method=org.antlr.v4.runtime.misc.Array2DHashSet.getOrAddImpl(Ljava/lang/Object;)Ljava/lang/Object; @ 74

Classes redefined (0 events):
No events

Internal exceptions (10 events):
Event: 0.216 Thread 0x000001a3afce0800 Exception <a 'java/lang/ClassNotFoundException': org/apache/log4j/RollingFileAppenderBeanInfo> (0x00000000d6575488) thrown at [C:\jenkins\workspace\8-2-build-windows-amd64-cygwin\jdk8u321\2141\hotspot\src\share\vm\classfile\systemDictionary.cpp, line 212]
Event: 0.216 Thread 0x000001a3afce0800 Exception <a 'java/lang/ClassNotFoundException': org/apache/log4j/FileAppenderBeanInfo> (0x00000000d6577638) thrown at [C:\jenkins\workspace\8-2-build-windows-amd64-cygwin\jdk8u321\2141\hotspot\src\share\vm\classfile\systemDictionary.cpp, line 212]
Event: 0.217 Thread 0x000001a3afce0800 Exception <a 'java/lang/ClassNotFoundException': org/apache/log4j/WriterAppenderBeanInfo> (0x00000000d65799f0) thrown at [C:\jenkins\workspace\8-2-build-windows-amd64-cygwin\jdk8u321\2141\hotspot\src\share\vm\classfile\systemDictionary.cpp, line 212]
Event: 0.217 Thread 0x000001a3afce0800 Exception <a 'java/lang/ClassNotFoundException': org/apache/log4j/AppenderSkeletonBeanInfo> (0x00000000d657be38) thrown at [C:\jenkins\workspace\8-2-build-windows-amd64-cygwin\jdk8u321\2141\hotspot\src\share\vm\classfile\systemDictionary.cpp, line 212]
Event: 0.217 Thread 0x000001a3afce0800 Exception <a 'java/lang/ClassNotFoundException': org/apache/log4j/AppenderSkeletonCustomizer> (0x00000000d657e228) thrown at [C:\jenkins\workspace\8-2-build-windows-amd64-cygwin\jdk8u321\2141\hotspot\src\share\vm\classfile\systemDictionary.cpp, line 212]
Event: 0.220 Thread 0x000001a3afce0800 Exception <a 'java/lang/ClassNotFoundException': org/apache/log4j/WriterAppenderCustomizer> (0x00000000d6592968) thrown at [C:\jenkins\workspace\8-2-build-windows-amd64-cygwin\jdk8u321\2141\hotspot\src\share\vm\classfile\systemDictionary.cpp, line 212]
Event: 0.221 Thread 0x000001a3afce0800 Exception <a 'java/lang/ClassNotFoundException': org/apache/log4j/FileAppenderCustomizer> (0x00000000d65a13b0) thrown at [C:\jenkins\workspace\8-2-build-windows-amd64-cygwin\jdk8u321\2141\hotspot\src\share\vm\classfile\systemDictionary.cpp, line 212]
Event: 0.222 Thread 0x000001a3afce0800 Exception <a 'java/lang/ClassNotFoundException': org/apache/log4j/RollingFileAppenderCustomizer> (0x00000000d65b0320) thrown at [C:\jenkins\workspace\8-2-build-windows-amd64-cygwin\jdk8u321\2141\hotspot\src\share\vm\classfile\systemDictionary.cpp, line 21
Event: 0.345 Thread 0x000001a3afce0800 Exception <a 'java/lang/NoSuchFieldError': method resolution failed> (0x00000000d68848a8) thrown at [C:\jenkins\workspace\8-2-build-windows-amd64-cygwin\jdk8u321\2141\hotspot\src\share\vm\prims\methodHandles.cpp, line 1169]
Event: 0.347 Thread 0x000001a3afce0800 Exception <a 'java/lang/NoSuchFieldError': method resolution failed> (0x00000000d6891f98) thrown at [C:\jenkins\workspace\8-2-build-windows-amd64-cygwin\jdk8u321\2141\hotspot\src\share\vm\prims\methodHandles.cpp, line 1169]

Events (10 events):
Event: 1.180 Thread 0x000001a3afce0800 DEOPT UNPACKING pc=0x000001a3b1ae58c3 sp=0x000000198f9fc9c8 mode 2
Event: 1.199 Thread 0x000001a3afce0800 Uncommon trap: trap_request=0xffffffd6 fr.pc=0x000001a3b1eae840
Event: 1.199 Thread 0x000001a3afce0800 DEOPT PACKING pc=0x000001a3b1eae840 sp=0x000000198f9fbe60
Event: 1.199 Thread 0x000001a3afce0800 DEOPT UNPACKING pc=0x000001a3b1ae58c3 sp=0x000000198f9fbe58 mode 2
Event: 1.199 Thread 0x000001a3afce0800 Uncommon trap: trap_request=0xffffffd6 fr.pc=0x000001a3b1eae6c8
Event: 1.199 Thread 0x000001a3afce0800 DEOPT PACKING pc=0x000001a3b1eae6c8 sp=0x000000198f9fbe60
Event: 1.199 Thread 0x000001a3afce0800 DEOPT UNPACKING pc=0x000001a3b1ae58c3 sp=0x000000198f9fbe58 mode 2
Event: 1.199 Thread 0x000001a3afce0800 Uncommon trap: trap_request=0xffffffd6 fr.pc=0x000001a3b1eae6c8
Event: 1.199 Thread 0x000001a3afce0800 DEOPT PACKING pc=0x000001a3b1eae6c8 sp=0x000000198f9fbe60
Event: 1.199 Thread 0x000001a3afce0800 DEOPT UNPACKING pc=0x000001a3b1ae58c3 sp=0x000000198f9fbe58 mode 2


Dynamic libraries:
0x00007ff73cc80000 - 0x00007ff73ccc7000 	C:\WINDOWS\SYSTEM32\java.exe
0x00007ffc753f0000 - 0x00007ffc755e5000 	C:\WINDOWS\SYSTEM32\ntdll.dll
0x00007ffc74150000 - 0x00007ffc7420e000 	C:\WINDOWS\System32\KERNEL32.DLL
0x00007ffc72b10000 - 0x00007ffc72dd8000 	C:\WINDOWS\System32\KERNELBASE.dll
0x00007ffc73890000 - 0x00007ffc7393e000 	C:\WINDOWS\System32\ADVAPI32.dll
0x00007ffc74020000 - 0x00007ffc740be000 	C:\WINDOWS\System32\msvcrt.dll
0x00007ffc74ca0000 - 0x00007ffc74d3c000 	C:\WINDOWS\System32\sechost.dll
0x00007ffc74f20000 - 0x00007ffc75045000 	C:\WINDOWS\System32\RPCRT4.dll
0x00007ffc73450000 - 0x00007ffc735f0000 	C:\WINDOWS\System32\USER32.dll
0x00007ffc72de0000 - 0x00007ffc72e02000 	C:\WINDOWS\System32\win32u.dll
0x00007ffc74c00000 - 0x00007ffc74c2b000 	C:\WINDOWS\System32\GDI32.dll
0x00007ffc72f70000 - 0x00007ffc7307b000 	C:\WINDOWS\System32\gdi32full.dll
0x00007ffc73170000 - 0x00007ffc7320d000 	C:\WINDOWS\System32\msvcp_win.dll
0x00007ffc73210000 - 0x00007ffc73310000 	C:\WINDOWS\System32\ucrtbase.dll
0x00007ffc5faa0000 - 0x00007ffc5fd3a000 	C:\WINDOWS\WinSxS\amd64_microsoft.windows.common-controls_6595b64144ccf1df_6.0.19041.1110_none_60b5254171f9507e\COMCTL32.dll
0x00007ffc743e0000 - 0x00007ffc74410000 	C:\WINDOWS\System32\IMM32.DLL
0x000000005cf60000 - 0x000000005cf6c000 	C:\Program Files (x86)\360\360Safe\safemon\SafeWrapper.dll
0x00007ffc5c8b0000 - 0x00007ffc5c942000 	C:\Program Files (x86)\360\360Safe\safemon\libzdtp64.dll
0x00007ffc74410000 - 0x00007ffc74b54000 	C:\WINDOWS\System32\SHELL32.dll
0x00007ffc73940000 - 0x00007ffc73995000 	C:\WINDOWS\System32\SHLWAPI.dll
0x00007ffc72690000 - 0x00007ffc7269a000 	C:\WINDOWS\SYSTEM32\VERSION.dll
0x00007ffc440e0000 - 0x00007ffc440f5000 	C:\Program Files\Java\jre1.8.0_321\bin\vcruntime140.dll
0x00007ffc37560000 - 0x00007ffc375fb000 	C:\Program Files\Java\jre1.8.0_321\bin\msvcp140.dll
0x000000005aaa0000 - 0x000000005b301000 	C:\Program Files\Java\jre1.8.0_321\bin\server\jvm.dll
0x00007ffc73880000 - 0x00007ffc73888000 	C:\WINDOWS\System32\PSAPI.DLL
0x00007ffc60d10000 - 0x00007ffc60d19000 	C:\WINDOWS\SYSTEM32\WSOCK32.dll
0x00007ffc5d230000 - 0x00007ffc5d257000 	C:\WINDOWS\SYSTEM32\WINMM.dll
0x00007ffc74c30000 - 0x00007ffc74c9b000 	C:\WINDOWS\System32\WS2_32.dll
0x00007ffc71340000 - 0x00007ffc71352000 	C:\WINDOWS\SYSTEM32\kernel.appcore.dll
0x00007ffc6b140000 - 0x00007ffc6b150000 	C:\Program Files\Java\jre1.8.0_321\bin\verify.dll
0x00007ffc43580000 - 0x00007ffc435ab000 	C:\Program Files\Java\jre1.8.0_321\bin\java.dll
0x00007ffc42920000 - 0x00007ffc42938000 	C:\Program Files\Java\jre1.8.0_321\bin\zip.dll
0x00007ffc706d0000 - 0x00007ffc70e64000 	C:\WINDOWS\SYSTEM32\windows.storage.dll
0x00007ffc75050000 - 0x00007ffc753a4000 	C:\WINDOWS\System32\combase.dll
0x00007ffc72500000 - 0x00007ffc7252c000 	C:\WINDOWS\SYSTEM32\Wldp.dll
0x00007ffc74d40000 - 0x00007ffc74ded000 	C:\WINDOWS\System32\SHCORE.dll
0x00007ffc72a50000 - 0x00007ffc72a6f000 	C:\WINDOWS\SYSTEM32\profapi.dll
0x00007ffc42f70000 - 0x00007ffc42f8c000 	C:\Program Files\Java\jre1.8.0_321\bin\net.dll
0x00007ffc72260000 - 0x00007ffc722ca000 	C:\WINDOWS\system32\mswsock.dll
0x00007ffc42890000 - 0x00007ffc428a3000 	C:\Program Files\Java\jre1.8.0_321\bin\nio.dll

VM Arguments:
java_command: E:\oss_license_selection_analyze\depends-tool\depends-0.9.6-package\depends-0.9.6\depends.jar -d=E:\oss_license_selection_analyze\temp_files\output_depend python E:\oss_license_selection_analyze\temp_files\zziprar python
java_class_path (initial): E:\oss_license_selection_analyze\depends-tool\depends-0.9.6-package\depends-0.9.6\depends.jar
Launcher Type: SUN_STANDARD

Environment Variables:
JAVA_HOME=C:\Program Files (x86)\Java
CLASSPATH=.;C:\Program Files (x86)\Java\jre1.8.0_65\lib
PATH=E:\pythonProject\venv\Scripts;C:\Program Files (x86)\Common Files\Oracle\Java\javapath;C:\ProgramData\Oracle\Java\javapath;C:\Windows\system32;C:\Windows;C:\Windows\System32\Wbem;C:\Windows\System32\WindowsPowerShell\v1.0\;C:\Windows\System32\OpenSSH\;C:\Program Files (x86)\NVIDIA Corporation\PhysX\Common;C:\Program Files\NVIDIA Corporation\NVIDIA NvDLISR;C:\Program Files\Microsoft VS Code\bin;C:\Program Files\MySQL\MySQL Server 8.0\bin\;C:\Program Files\MySQL\MySQL Server 8.0\bin\mysqld.exe;C:\TDM-GCC-64;C:\TDM-GCC-64\bin;C:\cygwin64\bin;C:\cygwin64;D:\ninka\ninka-master\bin;C:\Program Files (x86)\Yozosoft\Yozo_Office\Lib\xuggler\bin;C:\WINDOWS\system32;C:\WINDOWS;C:\WINDOWS\System32\Wbem;C:\WINDOWS\System32\WindowsPowerShell\v1.0\;C:\WINDOWS\System32\OpenSSH\;C:\Strawberry\c\bin;C:\Strawberry\perl\site\bin;C:\Strawberry\perl\bin;E:\oss_license_selection_analyze\ninka-tool\ninka-master\bin\;E:\oss_license_selection_analyze\ninka-tool\ninka-master\lib\;C:\Program Files\WinRAR;C:\Strawberry\perl\;C:\Program Files (x86)\Java\jre1.8.0_65\bin;C:\Program Files\MySQL\MySQL Shell 8.0\bin\;C:\Users\bless\AppData\Local\Programs\Python\Python36\Scripts\;C:\Users\bless\AppData\Local\Programs\Python\Python36\;C:\Users\bless\AppData\Local\Microsoft\WindowsApps;;C:\Program Files\JetBrains\PyCharm Community Edition 2021.1.1\bin;;C:\Users\bless\AppData\Local\Programs\Microsoft VS Code\bin;E:\pythonProject\venv\lib\site-packages\numpy\.libs
USERNAME=bless
OS=Windows_NT
PROCESSOR_IDENTIFIER=Intel64 Family 6 Model 158 Stepping 10, GenuineIntel



---------------  S Y S T E M  ---------------

OS: Windows 10 , 64 bit Build 19041 (10.0.19041.1566)

CPU:total 12 (initial active 12) (6 cores per cpu, 2 threads per core) family 6 model 158 stepping 10, cmov, cx8, fxsr, mmx, sse, sse2, sse3, ssse3, sse4.1, sse4.2, popcnt, avx, avx2, aes, clmul, erms, 3dnowpref, lzcnt, ht, tsc, tscinvbit, bmi1, bmi2, adx

Memory: 4k page, physical 8236352k(597612k free), swap 14527808k(3060k free)

vm_info: Java HotSpot(TM) 64-Bit Server VM (25.321-b07) for windows-amd64 JRE (1.8.0_321-b07), built on Dec 15 2021 11:19:20 by "java_re" with MS VC++ 15.9 (VS2017)

time: Mon Mar 21 13:46:40 2022
timezone: 中国标准时间
elapsed time: 1.240165 seconds (0d 0h 0m 1s)

